-------------------------------------------------------------------------------
Test set: TA_21_Maven.EjerciciosClase.pruebaTest
-------------------------------------------------------------------------------
Tests run: 1, Failures: 1, Errors: 0, Skipped: 0, Time elapsed: 0.021 s <<< FAILURE! - in TA_21_Maven.EjerciciosClase.pruebaTest
test  Time elapsed: 0.018 s  <<< FAILURE!
org.opentest4j.AssertionFailedError: Not yet implemented
	at TA_21_Maven.EjerciciosClase.pruebaTest.test(pruebaTest.java:11)

