<?xml version="1.0" encoding="UTF-8"?>
<testsuite xmlns:xsi="http://www.w3.org/2001/XMLSchema-instance" xsi:noNamespaceSchemaLocation="https://maven.apache.org/surefire/maven-surefire-plugin/xsd/surefire-test-report.xsd" name="TA_21_Maven.EjerciciosClase.GeometriaTest" time="0.007" tests="1" errors="1" skipped="0" failures="0">
  <properties>
[...]
</properties>
  <testcase name="TA_21_Maven.EjerciciosClase.GeometriaTest" classname="TA_21_Maven.EjerciciosClase.GeometriaTest" time="0.006">
    <error message="@BeforeAll method &apos;public void TA_21_Maven.EjerciciosClase.GeometriaTest.testBeforeClass()&apos; must be static unless the test class is annotated with @TestInstance(Lifecycle.PER_CLASS)." type="org.junit.platform.commons.JUnitException">org.junit.platform.commons.JUnitException: @BeforeAll method 'public void TA_21_Maven.EjerciciosClase.GeometriaTest.testBeforeClass()' must be static unless the test class is annotated with @TestInstance(Lifecycle.PER_CLASS).
</error>
  </testcase>
</testsuite>